2019-09-27 09:05:48 INFO  LogLog4j:47 - ---Main page : waiting for page to load
2019-09-27 09:05:49 INFO  LogLog4j:47 - ---Main page : authorization page is opened
2019-09-27 09:05:49 INFO  LogLog4j:47 - ---Authorization page : waiting for page to load 
2019-09-27 09:05:49 INFO  LogLog4j:47 - ---Authorization page : title check 
2019-09-27 09:06:06 INFO  LogLog4j:47 - ---Main page : waiting for page to load
2019-09-27 09:06:06 INFO  LogLog4j:47 - ---Main page : authorization page is opened
2019-09-27 09:06:06 INFO  LogLog4j:47 - ---Authorization page : waiting for page to load 
2019-09-27 09:06:06 INFO  LogLog4j:47 - ---Authorization page : login to the system
2019-09-27 09:06:07 INFO  LogLog4j:47 - ---Authorization page : login was entered
2019-09-27 09:06:07 INFO  LogLog4j:47 - ---Authorization page : password was entered
2019-09-27 09:06:07 INFO  LogLog4j:47 - ---Authorization page : receiving an incorrect log in message.
2019-09-27 09:06:20 INFO  LogLog4j:47 - ---Main page : waiting for page to load
2019-09-27 09:06:21 INFO  LogLog4j:47 - ---Main page : authorization page is opened
2019-09-27 09:06:21 INFO  LogLog4j:47 - ---Authorization page : waiting for page to load 
2019-09-27 09:06:21 INFO  LogLog4j:47 - ---Authorization page : login to the system
2019-09-27 09:06:21 INFO  LogLog4j:47 - ---Authorization page : login was entered
2019-09-27 09:06:22 INFO  LogLog4j:47 - ---Authorization page : password was entered
2019-09-27 09:06:22 INFO  LogLog4j:47 - ---Authorization page : receiving an incorrect log in message.
2019-09-27 09:06:37 INFO  LogLog4j:47 - ---Main page : waiting for page to load
2019-09-27 09:06:37 INFO  LogLog4j:47 - ---Main page : contact us page is opened
2019-09-27 09:06:37 INFO  LogLog4j:47 - ---Contact us page : waiting for page to load
2019-09-27 09:06:39 INFO  LogLog4j:47 - ---Contact us page : title check 
2019-09-27 09:06:55 INFO  LogLog4j:47 - ---Main page : waiting for page to load
2019-09-27 09:06:56 INFO  LogLog4j:47 - ---Main page : contact us page is opened
2019-09-27 09:06:56 INFO  LogLog4j:47 - ---Contact us page : waiting for page to load
2019-09-27 09:06:57 INFO  LogLog4j:47 - ---Contact us page : Send message
2019-09-27 09:06:57 INFO  LogLog4j:47 - ---Contact us page : name is entered
2019-09-27 09:06:57 INFO  LogLog4j:47 - ---Contact us page : email is entered
2019-09-27 09:06:58 INFO  LogLog4j:47 - ---Contact us page : subject is entered
2019-09-27 09:06:58 INFO  LogLog4j:47 - ---Contact us page : sending message
2019-09-27 09:06:58 INFO  LogLog4j:47 - ---Contact us page : waiting for page to load
2019-09-27 09:07:01 INFO  LogLog4j:47 - ---Contact us page : chat window was closed
2019-09-27 09:07:01 INFO  LogLog4j:47 - ---Contact us page : checking name field
2019-09-27 09:07:16 INFO  LogLog4j:47 - ---Main page : waiting for page to load
2019-09-27 09:07:17 INFO  LogLog4j:47 - ---Main page : contact us page is opened
2019-09-27 09:07:17 INFO  LogLog4j:47 - ---Contact us page : waiting for page to load
2019-09-27 09:07:18 INFO  LogLog4j:47 - ---Contact us page : Send message
2019-09-27 09:07:18 INFO  LogLog4j:47 - ---Contact us page : name is entered
2019-09-27 09:07:19 INFO  LogLog4j:47 - ---Contact us page : email is entered
2019-09-27 09:07:19 INFO  LogLog4j:47 - ---Contact us page : subject is entered
2019-09-27 09:07:19 INFO  LogLog4j:47 - ---Contact us page : sending message
2019-09-27 09:07:19 INFO  LogLog4j:47 - ---Contact us page : waiting for page to load
2019-09-27 09:07:22 INFO  LogLog4j:47 - ---Contact us page : chat window was closed
2019-09-27 09:07:22 INFO  LogLog4j:47 - ---Contact us page : checking name field
2019-09-27 09:07:40 INFO  LogLog4j:47 - ---Main page : waiting for page to load
2019-09-27 09:07:41 INFO  LogLog4j:47 - ---Main page : contact us page is opened
2019-09-27 09:07:41 INFO  LogLog4j:47 - ---Contact us page : waiting for page to load
2019-09-27 09:07:43 INFO  LogLog4j:47 - ---Contact us page : Send message
2019-09-27 09:07:43 INFO  LogLog4j:47 - ---Contact us page : name is entered
2019-09-27 09:07:43 INFO  LogLog4j:47 - ---Contact us page : email is entered
2019-09-27 09:07:43 INFO  LogLog4j:47 - ---Contact us page : subject is entered
2019-09-27 09:07:44 INFO  LogLog4j:47 - ---Contact us page : sending message
2019-09-27 09:07:44 INFO  LogLog4j:47 - ---Contact us page : waiting for page to load
2019-09-27 09:07:47 INFO  LogLog4j:47 - ---Contact us page : chat window was closed
2019-09-27 09:07:47 INFO  LogLog4j:47 - ---Contact us page : checking name field
2019-09-27 09:08:02 INFO  LogLog4j:47 - ---Main page : waiting for page to load
2019-09-27 09:08:03 INFO  LogLog4j:47 - ---Main page : contact us page is opened
2019-09-27 09:08:03 INFO  LogLog4j:47 - ---Contact us page : waiting for page to load
2019-09-27 09:08:05 INFO  LogLog4j:47 - ---Contact us page : Send message
2019-09-27 09:08:05 INFO  LogLog4j:47 - ---Contact us page : name is entered
2019-09-27 09:08:05 INFO  LogLog4j:47 - ---Contact us page : email is entered
2019-09-27 09:08:05 INFO  LogLog4j:47 - ---Contact us page : subject is entered
2019-09-27 09:08:05 INFO  LogLog4j:47 - ---Contact us page : sending message
2019-09-27 09:08:05 INFO  LogLog4j:47 - ---Contact us page : waiting for page to load
2019-09-27 09:08:09 INFO  LogLog4j:47 - ---Contact us page : chat window was closed
2019-09-27 09:08:09 INFO  LogLog4j:47 - ---Contact us page : checking name field
2019-09-27 09:08:09 INFO  LogLog4j:47 - ---Contact us page : checking email field
2019-09-27 09:08:23 INFO  LogLog4j:47 - ---Main page : waiting for page to load
2019-09-27 09:08:24 INFO  LogLog4j:47 - ---Main page : authorization page is opened
2019-09-27 09:08:24 INFO  LogLog4j:47 - ---Authorization page : waiting for page to load 
2019-09-27 09:08:24 INFO  LogLog4j:47 - ---Authorization page : login to the system
2019-09-27 09:08:24 INFO  LogLog4j:47 - ---Authorization page : login was entered
2019-09-27 09:08:24 INFO  LogLog4j:47 - ---Authorization page : password was entered
2019-09-27 09:08:24 INFO  LogLog4j:47 - ---Authorization page : waiting for page to load
2019-09-27 09:08:26 INFO  LogLog4j:47 - ---Authorization page : profile check
2019-09-27 09:08:42 INFO  LogLog4j:47 - ---Main page : waiting for page to load
2019-09-27 09:08:42 INFO  LogLog4j:47 - ---Main page : title check
2019-09-27 09:26:48 INFO  LogLog4j:15 - ****************************************************************************************
2019-09-27 09:26:48 INFO  LogLog4j:17 - ****************************************************************************************
2019-09-27 09:26:48 INFO  LogLog4j:19 - $$$$$$$$$$$$$$$$$$$$$                 testCheckingTitle started       $$$$$$$$$$$$$$$$$$$$$$$$$
2019-09-27 09:26:48 INFO  LogLog4j:21 - ****************************************************************************************
2019-09-27 09:26:48 INFO  LogLog4j:23 - ****************************************************************************************
2019-09-27 09:26:48 INFO  LogLog4j:45 - ---Main page : waiting for page to load
2019-09-27 09:26:48 INFO  LogLog4j:45 - ---Main page : contact us page is opened
2019-09-27 09:26:48 INFO  LogLog4j:45 - ---Contact us page : waiting for page to load
2019-09-27 09:26:50 INFO  LogLog4j:45 - ---Contact us page : title check 
2019-09-27 09:26:50 INFO  LogLog4j:31 - XXXXXXXXXXXXXXXXXXXXXXX             -E---N---D-             XXXXXXXXXXXXXXXXXXXXXX
2019-09-27 09:26:50 INFO  LogLog4j:33 - XXXXXXXXXXXXXXXXXXXXXXXXXXXXXXXXXXXXXXXXXXXXXXXXXXXXXXXXXXXXXXXXXXXXXXXXXXXXXXXXXXXXXXXXXXXX
2019-09-27 09:26:50 INFO  LogLog4j:35 - X
2019-09-27 09:26:50 INFO  LogLog4j:37 - X
2019-09-27 09:37:22 INFO  LogLog4j:15 - ****************************************************************************************
2019-09-27 09:37:22 INFO  LogLog4j:17 - ****************************************************************************************
2019-09-27 09:37:22 INFO  LogLog4j:19 - $$$$$$$$$$$$$$$$$$$$$                 testCheckingTitle started       $$$$$$$$$$$$$$$$$$$$$$$$$
2019-09-27 09:37:22 INFO  LogLog4j:21 - ****************************************************************************************
2019-09-27 09:37:22 INFO  LogLog4j:23 - ****************************************************************************************
2019-09-27 09:37:22 INFO  LogLog4j:45 - ---Main page : waiting for page to load
2019-09-27 09:37:22 INFO  LogLog4j:45 - ---Main page : title check
2019-09-27 09:37:22 INFO  LogLog4j:31 - XXXXXXXXXXXXXXXXXXXXXXX             -E---N---D-             XXXXXXXXXXXXXXXXXXXXXX
2019-09-27 09:37:22 INFO  LogLog4j:33 - XXXXXXXXXXXXXXXXXXXXXXXXXXXXXXXXXXXXXXXXXXXXXXXXXXXXXXXXXXXXXXXXXXXXXXXXXXXXXXXXXXXXXXXXXXXX
2019-09-27 09:37:22 INFO  LogLog4j:35 - X
2019-09-27 09:37:22 INFO  LogLog4j:37 - X
2019-09-27 09:41:39 INFO  LogLog4j:15 - ****************************************************************************************
2019-09-27 09:41:39 INFO  LogLog4j:17 - ****************************************************************************************
2019-09-27 09:41:39 INFO  LogLog4j:19 - $$$$$$$$$$$$$$$$$$$$$                 testMainPageTitle started       $$$$$$$$$$$$$$$$$$$$$$$$$
2019-09-27 09:41:39 INFO  LogLog4j:21 - ****************************************************************************************
2019-09-27 09:41:39 INFO  LogLog4j:23 - ****************************************************************************************
2019-09-27 09:41:39 INFO  LogLog4j:45 - ---Main page : waiting for page to load
2019-09-27 09:41:40 INFO  LogLog4j:45 - ---Main page : authorization page is opened
2019-09-27 09:41:40 INFO  LogLog4j:45 - ---Authorization page : waiting for page to load 
2019-09-27 09:41:40 INFO  LogLog4j:45 - ---Authorization page : title check 
2019-09-27 09:41:40 INFO  LogLog4j:31 - XXXXXXXXXXXXXXXXXXXXXXX             -E---N---D-             XXXXXXXXXXXXXXXXXXXXXX
2019-09-27 09:41:40 INFO  LogLog4j:33 - XXXXXXXXXXXXXXXXXXXXXXXXXXXXXXXXXXXXXXXXXXXXXXXXXXXXXXXXXXXXXXXXXXXXXXXXXXXXXXXXXXXXXXXXXXXX
2019-09-27 09:41:40 INFO  LogLog4j:35 - X
2019-09-27 09:41:40 INFO  LogLog4j:37 - X
2019-09-27 09:41:58 INFO  LogLog4j:15 - ****************************************************************************************
2019-09-27 09:41:58 INFO  LogLog4j:17 - ****************************************************************************************
2019-09-27 09:41:58 INFO  LogLog4j:19 - $$$$$$$$$$$$$$$$$$$$$                 testNegativeAuthorization started       $$$$$$$$$$$$$$$$$$$$$$$$$
2019-09-27 09:41:58 INFO  LogLog4j:21 - ****************************************************************************************
2019-09-27 09:41:58 INFO  LogLog4j:23 - ****************************************************************************************
2019-09-27 09:41:58 INFO  LogLog4j:45 - ---Main page : waiting for page to load
2019-09-27 09:41:59 INFO  LogLog4j:45 - ---Main page : authorization page is opened
2019-09-27 09:41:59 INFO  LogLog4j:45 - ---Authorization page : waiting for page to load 
2019-09-27 09:41:59 INFO  LogLog4j:45 - ---Authorization page : login to the system
2019-09-27 09:42:00 INFO  LogLog4j:45 - ---Authorization page : login was entered
2019-09-27 09:42:00 INFO  LogLog4j:45 - ---Authorization page : password was entered
2019-09-27 09:42:00 INFO  LogLog4j:45 - ---Authorization page : receiving an incorrect log in message.
2019-09-27 09:42:00 INFO  LogLog4j:31 - XXXXXXXXXXXXXXXXXXXXXXX             -E---N---D-             XXXXXXXXXXXXXXXXXXXXXX
2019-09-27 09:42:00 INFO  LogLog4j:33 - XXXXXXXXXXXXXXXXXXXXXXXXXXXXXXXXXXXXXXXXXXXXXXXXXXXXXXXXXXXXXXXXXXXXXXXXXXXXXXXXXXXXXXXXXXXX
2019-09-27 09:42:00 INFO  LogLog4j:35 - X
2019-09-27 09:42:00 INFO  LogLog4j:37 - X
2019-09-27 09:42:22 INFO  LogLog4j:15 - ****************************************************************************************
2019-09-27 09:42:22 INFO  LogLog4j:17 - ****************************************************************************************
2019-09-27 09:42:22 INFO  LogLog4j:19 - $$$$$$$$$$$$$$$$$$$$$                 testNegativeAuthorization started       $$$$$$$$$$$$$$$$$$$$$$$$$
2019-09-27 09:42:22 INFO  LogLog4j:21 - ****************************************************************************************
2019-09-27 09:42:22 INFO  LogLog4j:23 - ****************************************************************************************
2019-09-27 09:42:22 INFO  LogLog4j:45 - ---Main page : waiting for page to load
2019-09-27 09:42:23 INFO  LogLog4j:45 - ---Main page : authorization page is opened
2019-09-27 09:42:23 INFO  LogLog4j:45 - ---Authorization page : waiting for page to load 
2019-09-27 09:42:23 INFO  LogLog4j:45 - ---Authorization page : login to the system
2019-09-27 09:42:23 INFO  LogLog4j:45 - ---Authorization page : login was entered
2019-09-27 09:42:24 INFO  LogLog4j:45 - ---Authorization page : password was entered
2019-09-27 09:42:24 INFO  LogLog4j:45 - ---Authorization page : receiving an incorrect log in message.
2019-09-27 09:42:24 INFO  LogLog4j:31 - XXXXXXXXXXXXXXXXXXXXXXX             -E---N---D-             XXXXXXXXXXXXXXXXXXXXXX
2019-09-27 09:42:24 INFO  LogLog4j:33 - XXXXXXXXXXXXXXXXXXXXXXXXXXXXXXXXXXXXXXXXXXXXXXXXXXXXXXXXXXXXXXXXXXXXXXXXXXXXXXXXXXXXXXXXXXXX
2019-09-27 09:42:24 INFO  LogLog4j:35 - X
2019-09-27 09:42:24 INFO  LogLog4j:37 - X
2019-09-27 09:42:37 INFO  LogLog4j:15 - ****************************************************************************************
2019-09-27 09:42:37 INFO  LogLog4j:17 - ****************************************************************************************
2019-09-27 09:42:37 INFO  LogLog4j:19 - $$$$$$$$$$$$$$$$$$$$$                 testCheckingTitle started       $$$$$$$$$$$$$$$$$$$$$$$$$
2019-09-27 09:42:37 INFO  LogLog4j:21 - ****************************************************************************************
2019-09-27 09:42:37 INFO  LogLog4j:23 - ****************************************************************************************
2019-09-27 09:42:37 INFO  LogLog4j:45 - ---Main page : waiting for page to load
2019-09-27 09:42:40 INFO  LogLog4j:45 - ---Main page : contact us page is opened
2019-09-27 09:42:40 INFO  LogLog4j:45 - ---Contact us page : waiting for page to load
2019-09-27 09:42:41 INFO  LogLog4j:45 - ---Contact us page : title check 
2019-09-27 09:42:41 INFO  LogLog4j:31 - XXXXXXXXXXXXXXXXXXXXXXX             -E---N---D-             XXXXXXXXXXXXXXXXXXXXXX
2019-09-27 09:42:41 INFO  LogLog4j:33 - XXXXXXXXXXXXXXXXXXXXXXXXXXXXXXXXXXXXXXXXXXXXXXXXXXXXXXXXXXXXXXXXXXXXXXXXXXXXXXXXXXXXXXXXXXXX
2019-09-27 09:42:41 INFO  LogLog4j:35 - X
2019-09-27 09:42:41 INFO  LogLog4j:37 - X
2019-09-27 09:42:59 INFO  LogLog4j:15 - ****************************************************************************************
2019-09-27 09:42:59 INFO  LogLog4j:17 - ****************************************************************************************
2019-09-27 09:42:59 INFO  LogLog4j:19 - $$$$$$$$$$$$$$$$$$$$$                 testNegativeContactUsMessage started       $$$$$$$$$$$$$$$$$$$$$$$$$
2019-09-27 09:42:59 INFO  LogLog4j:21 - ****************************************************************************************
2019-09-27 09:42:59 INFO  LogLog4j:23 - ****************************************************************************************
2019-09-27 09:42:59 INFO  LogLog4j:45 - ---Main page : waiting for page to load
2019-09-27 09:43:00 INFO  LogLog4j:45 - ---Main page : contact us page is opened
2019-09-27 09:43:00 INFO  LogLog4j:45 - ---Contact us page : waiting for page to load
2019-09-27 09:43:02 INFO  LogLog4j:45 - ---Contact us page : Send message
2019-09-27 09:43:02 INFO  LogLog4j:45 - ---Contact us page : name is entered
2019-09-27 09:43:02 INFO  LogLog4j:45 - ---Contact us page : email is entered
2019-09-27 09:43:02 INFO  LogLog4j:45 - ---Contact us page : subject is entered
2019-09-27 09:43:03 INFO  LogLog4j:45 - ---Contact us page : sending message
2019-09-27 09:43:03 INFO  LogLog4j:45 - ---Contact us page : waiting for page to load
2019-09-27 09:43:03 INFO  LogLog4j:45 - ---Contact us page : chat window was closed
2019-09-27 09:43:03 INFO  LogLog4j:45 - ---Contact us page : checking name field
2019-09-27 09:43:03 INFO  LogLog4j:31 - XXXXXXXXXXXXXXXXXXXXXXX             -E---N---D-             XXXXXXXXXXXXXXXXXXXXXX
2019-09-27 09:43:03 INFO  LogLog4j:33 - XXXXXXXXXXXXXXXXXXXXXXXXXXXXXXXXXXXXXXXXXXXXXXXXXXXXXXXXXXXXXXXXXXXXXXXXXXXXXXXXXXXXXXXXXXXX
2019-09-27 09:43:03 INFO  LogLog4j:35 - X
2019-09-27 09:43:03 INFO  LogLog4j:37 - X
2019-09-27 09:43:17 INFO  LogLog4j:15 - ****************************************************************************************
2019-09-27 09:43:17 INFO  LogLog4j:17 - ****************************************************************************************
2019-09-27 09:43:17 INFO  LogLog4j:19 - $$$$$$$$$$$$$$$$$$$$$                 testNegativeContactUsMessage started       $$$$$$$$$$$$$$$$$$$$$$$$$
2019-09-27 09:43:17 INFO  LogLog4j:21 - ****************************************************************************************
2019-09-27 09:43:17 INFO  LogLog4j:23 - ****************************************************************************************
2019-09-27 09:43:17 INFO  LogLog4j:45 - ---Main page : waiting for page to load
2019-09-27 09:43:18 INFO  LogLog4j:45 - ---Main page : contact us page is opened
2019-09-27 09:43:18 INFO  LogLog4j:45 - ---Contact us page : waiting for page to load
2019-09-27 09:43:20 INFO  LogLog4j:45 - ---Contact us page : Send message
2019-09-27 09:43:20 INFO  LogLog4j:45 - ---Contact us page : name is entered
2019-09-27 09:43:20 INFO  LogLog4j:45 - ---Contact us page : email is entered
2019-09-27 09:43:21 INFO  LogLog4j:45 - ---Contact us page : subject is entered
2019-09-27 09:43:21 INFO  LogLog4j:45 - ---Contact us page : sending message
2019-09-27 09:43:21 INFO  LogLog4j:45 - ---Contact us page : waiting for page to load
2019-09-27 09:43:21 INFO  LogLog4j:45 - ---Contact us page : chat window was closed
2019-09-27 09:43:21 INFO  LogLog4j:45 - ---Contact us page : checking name field
2019-09-27 09:43:21 INFO  LogLog4j:31 - XXXXXXXXXXXXXXXXXXXXXXX             -E---N---D-             XXXXXXXXXXXXXXXXXXXXXX
2019-09-27 09:43:21 INFO  LogLog4j:33 - XXXXXXXXXXXXXXXXXXXXXXXXXXXXXXXXXXXXXXXXXXXXXXXXXXXXXXXXXXXXXXXXXXXXXXXXXXXXXXXXXXXXXXXXXXXX
2019-09-27 09:43:21 INFO  LogLog4j:35 - X
2019-09-27 09:43:21 INFO  LogLog4j:37 - X
2019-09-27 09:43:35 INFO  LogLog4j:15 - ****************************************************************************************
2019-09-27 09:43:35 INFO  LogLog4j:17 - ****************************************************************************************
2019-09-27 09:43:35 INFO  LogLog4j:19 - $$$$$$$$$$$$$$$$$$$$$                 testNegativeContactUsMessage started       $$$$$$$$$$$$$$$$$$$$$$$$$
2019-09-27 09:43:35 INFO  LogLog4j:21 - ****************************************************************************************
2019-09-27 09:43:35 INFO  LogLog4j:23 - ****************************************************************************************
2019-09-27 09:43:35 INFO  LogLog4j:45 - ---Main page : waiting for page to load
2019-09-27 09:43:37 INFO  LogLog4j:45 - ---Main page : contact us page is opened
2019-09-27 09:43:37 INFO  LogLog4j:45 - ---Contact us page : waiting for page to load
2019-09-27 09:43:38 INFO  LogLog4j:45 - ---Contact us page : Send message
2019-09-27 09:43:39 INFO  LogLog4j:45 - ---Contact us page : name is entered
2019-09-27 09:43:39 INFO  LogLog4j:45 - ---Contact us page : email is entered
2019-09-27 09:43:39 INFO  LogLog4j:45 - ---Contact us page : subject is entered
2019-09-27 09:43:39 INFO  LogLog4j:45 - ---Contact us page : sending message
2019-09-27 09:43:39 INFO  LogLog4j:45 - ---Contact us page : waiting for page to load
2019-09-27 09:43:39 INFO  LogLog4j:45 - ---Contact us page : chat window was closed
2019-09-27 09:43:39 INFO  LogLog4j:45 - ---Contact us page : checking name field
2019-09-27 09:43:39 INFO  LogLog4j:31 - XXXXXXXXXXXXXXXXXXXXXXX             -E---N---D-             XXXXXXXXXXXXXXXXXXXXXX
2019-09-27 09:43:39 INFO  LogLog4j:33 - XXXXXXXXXXXXXXXXXXXXXXXXXXXXXXXXXXXXXXXXXXXXXXXXXXXXXXXXXXXXXXXXXXXXXXXXXXXXXXXXXXXXXXXXXXXX
2019-09-27 09:43:39 INFO  LogLog4j:35 - X
2019-09-27 09:43:39 INFO  LogLog4j:37 - X
2019-09-27 09:43:56 INFO  LogLog4j:15 - ****************************************************************************************
2019-09-27 09:43:56 INFO  LogLog4j:17 - ****************************************************************************************
2019-09-27 09:43:56 INFO  LogLog4j:19 - $$$$$$$$$$$$$$$$$$$$$                 testNegativeContactUsMessage started       $$$$$$$$$$$$$$$$$$$$$$$$$
2019-09-27 09:43:56 INFO  LogLog4j:21 - ****************************************************************************************
2019-09-27 09:43:56 INFO  LogLog4j:23 - ****************************************************************************************
2019-09-27 09:43:57 INFO  LogLog4j:45 - ---Main page : waiting for page to load
2019-09-27 09:43:58 INFO  LogLog4j:45 - ---Main page : contact us page is opened
2019-09-27 09:43:58 INFO  LogLog4j:45 - ---Contact us page : waiting for page to load
2019-09-27 09:44:01 INFO  LogLog4j:45 - ---Contact us page : Send message
2019-09-27 09:44:01 INFO  LogLog4j:45 - ---Contact us page : name is entered
2019-09-27 09:44:01 INFO  LogLog4j:45 - ---Contact us page : email is entered
2019-09-27 09:44:01 INFO  LogLog4j:45 - ---Contact us page : subject is entered
2019-09-27 09:44:02 INFO  LogLog4j:45 - ---Contact us page : sending message
2019-09-27 09:44:02 INFO  LogLog4j:45 - ---Contact us page : waiting for page to load
2019-09-27 09:44:02 INFO  LogLog4j:45 - ---Contact us page : chat window was closed
2019-09-27 09:44:02 INFO  LogLog4j:45 - ---Contact us page : checking name field
2019-09-27 09:44:02 INFO  LogLog4j:45 - ---Contact us page : checking email field
2019-09-27 09:44:02 INFO  LogLog4j:31 - XXXXXXXXXXXXXXXXXXXXXXX             -E---N---D-             XXXXXXXXXXXXXXXXXXXXXX
2019-09-27 09:44:02 INFO  LogLog4j:33 - XXXXXXXXXXXXXXXXXXXXXXXXXXXXXXXXXXXXXXXXXXXXXXXXXXXXXXXXXXXXXXXXXXXXXXXXXXXXXXXXXXXXXXXXXXXX
2019-09-27 09:44:02 INFO  LogLog4j:35 - X
2019-09-27 09:44:02 INFO  LogLog4j:37 - X
2019-09-27 09:44:16 INFO  LogLog4j:15 - ****************************************************************************************
2019-09-27 09:44:16 INFO  LogLog4j:17 - ****************************************************************************************
2019-09-27 09:44:16 INFO  LogLog4j:19 - $$$$$$$$$$$$$$$$$$$$$                 testPositiveLogin started       $$$$$$$$$$$$$$$$$$$$$$$$$
2019-09-27 09:44:16 INFO  LogLog4j:21 - ****************************************************************************************
2019-09-27 09:44:16 INFO  LogLog4j:23 - ****************************************************************************************
2019-09-27 09:44:16 INFO  LogLog4j:45 - ---Main page : waiting for page to load
2019-09-27 09:44:17 INFO  LogLog4j:45 - ---Main page : authorization page is opened
2019-09-27 09:44:17 INFO  LogLog4j:45 - ---Authorization page : waiting for page to load 
2019-09-27 09:44:17 INFO  LogLog4j:45 - ---Authorization page : login to the system
2019-09-27 09:44:17 INFO  LogLog4j:45 - ---Authorization page : login was entered
2019-09-27 09:44:17 INFO  LogLog4j:45 - ---Authorization page : password was entered
2019-09-27 09:44:18 INFO  LogLog4j:45 - ---Authorization page : waiting for page to load
2019-09-27 09:44:19 INFO  LogLog4j:45 - ---Authorization page : profile check
2019-09-27 09:44:19 INFO  LogLog4j:31 - XXXXXXXXXXXXXXXXXXXXXXX             -E---N---D-             XXXXXXXXXXXXXXXXXXXXXX
2019-09-27 09:44:19 INFO  LogLog4j:33 - XXXXXXXXXXXXXXXXXXXXXXXXXXXXXXXXXXXXXXXXXXXXXXXXXXXXXXXXXXXXXXXXXXXXXXXXXXXXXXXXXXXXXXXXXXXX
2019-09-27 09:44:19 INFO  LogLog4j:35 - X
2019-09-27 09:44:19 INFO  LogLog4j:37 - X
2019-09-27 09:44:32 INFO  LogLog4j:15 - ****************************************************************************************
2019-09-27 09:44:32 INFO  LogLog4j:17 - ****************************************************************************************
2019-09-27 09:44:32 INFO  LogLog4j:19 - $$$$$$$$$$$$$$$$$$$$$                 testCheckingTitle started       $$$$$$$$$$$$$$$$$$$$$$$$$
2019-09-27 09:44:32 INFO  LogLog4j:21 - ****************************************************************************************
2019-09-27 09:44:32 INFO  LogLog4j:23 - ****************************************************************************************
2019-09-27 09:44:32 INFO  LogLog4j:45 - ---Main page : waiting for page to load
2019-09-27 09:44:32 INFO  LogLog4j:45 - ---Main page : title check
2019-09-27 09:44:32 INFO  LogLog4j:31 - XXXXXXXXXXXXXXXXXXXXXXX             -E---N---D-             XXXXXXXXXXXXXXXXXXXXXX
2019-09-27 09:44:32 INFO  LogLog4j:33 - XXXXXXXXXXXXXXXXXXXXXXXXXXXXXXXXXXXXXXXXXXXXXXXXXXXXXXXXXXXXXXXXXXXXXXXXXXXXXXXXXXXXXXXXXXXX
2019-09-27 09:44:32 INFO  LogLog4j:35 - X
2019-09-27 09:44:32 INFO  LogLog4j:37 - X
2019-09-27 09:59:34 INFO  LogLog4j:15 - ****************************************************************************************
2019-09-27 09:59:34 INFO  LogLog4j:17 - ****************************************************************************************
2019-09-27 09:59:34 INFO  LogLog4j:19 - $$$$$$$$$$$$$$$$$$$$$                 testMainPageTitle started       $$$$$$$$$$$$$$$$$$$$$$$$$
2019-09-27 09:59:34 INFO  LogLog4j:21 - ****************************************************************************************
2019-09-27 09:59:34 INFO  LogLog4j:23 - ****************************************************************************************
2019-09-27 09:59:34 INFO  LogLog4j:45 - ---Main page : waiting for page to load
2019-09-27 09:59:35 INFO  LogLog4j:45 - ---Main page : authorization page is opened
2019-09-27 09:59:35 INFO  LogLog4j:45 - ---Authorization page : waiting for page to load 
2019-09-27 09:59:35 INFO  LogLog4j:45 - ---Authorization page : title check 
2019-09-27 09:59:35 INFO  LogLog4j:31 - XXXXXXXXXXXXXXXXXXXXXXX             -E---N---D-             XXXXXXXXXXXXXXXXXXXXXX
2019-09-27 09:59:35 INFO  LogLog4j:33 - XXXXXXXXXXXXXXXXXXXXXXXXXXXXXXXXXXXXXXXXXXXXXXXXXXXXXXXXXXXXXXXXXXXXXXXXXXXXXXXXXXXXXXXXXXXX
2019-09-27 09:59:35 INFO  LogLog4j:35 - X
2019-09-27 09:59:35 INFO  LogLog4j:37 - X
2019-09-27 09:59:48 INFO  LogLog4j:15 - ****************************************************************************************
2019-09-27 09:59:48 INFO  LogLog4j:17 - ****************************************************************************************
2019-09-27 09:59:48 INFO  LogLog4j:19 - $$$$$$$$$$$$$$$$$$$$$                 testNegativeAuthorization started       $$$$$$$$$$$$$$$$$$$$$$$$$
2019-09-27 09:59:48 INFO  LogLog4j:21 - ****************************************************************************************
2019-09-27 09:59:48 INFO  LogLog4j:23 - ****************************************************************************************
2019-09-27 09:59:49 INFO  LogLog4j:45 - ---Main page : waiting for page to load
2019-09-27 09:59:49 INFO  LogLog4j:45 - ---Main page : authorization page is opened
2019-09-27 09:59:49 INFO  LogLog4j:45 - ---Authorization page : waiting for page to load 
2019-09-27 09:59:49 INFO  LogLog4j:45 - ---Authorization page : login to the system
2019-09-27 09:59:50 INFO  LogLog4j:45 - ---Authorization page : login was entered
2019-09-27 09:59:50 INFO  LogLog4j:45 - ---Authorization page : password was entered
2019-09-27 09:59:50 INFO  LogLog4j:45 - ---Authorization page : receiving an incorrect log in message.
2019-09-27 09:59:50 INFO  LogLog4j:31 - XXXXXXXXXXXXXXXXXXXXXXX             -E---N---D-             XXXXXXXXXXXXXXXXXXXXXX
2019-09-27 09:59:50 INFO  LogLog4j:33 - XXXXXXXXXXXXXXXXXXXXXXXXXXXXXXXXXXXXXXXXXXXXXXXXXXXXXXXXXXXXXXXXXXXXXXXXXXXXXXXXXXXXXXXXXXXX
2019-09-27 09:59:50 INFO  LogLog4j:35 - X
2019-09-27 09:59:50 INFO  LogLog4j:37 - X
2019-09-27 10:00:03 INFO  LogLog4j:15 - ****************************************************************************************
2019-09-27 10:00:03 INFO  LogLog4j:17 - ****************************************************************************************
2019-09-27 10:00:03 INFO  LogLog4j:19 - $$$$$$$$$$$$$$$$$$$$$                 testNegativeAuthorization started       $$$$$$$$$$$$$$$$$$$$$$$$$
2019-09-27 10:00:03 INFO  LogLog4j:21 - ****************************************************************************************
2019-09-27 10:00:03 INFO  LogLog4j:23 - ****************************************************************************************
2019-09-27 10:00:03 INFO  LogLog4j:45 - ---Main page : waiting for page to load
2019-09-27 10:00:04 INFO  LogLog4j:45 - ---Main page : authorization page is opened
2019-09-27 10:00:04 INFO  LogLog4j:45 - ---Authorization page : waiting for page to load 
2019-09-27 10:00:04 INFO  LogLog4j:45 - ---Authorization page : login to the system
2019-09-27 10:00:04 INFO  LogLog4j:45 - ---Authorization page : login was entered
2019-09-27 10:00:04 INFO  LogLog4j:45 - ---Authorization page : password was entered
2019-09-27 10:00:04 INFO  LogLog4j:45 - ---Authorization page : receiving an incorrect log in message.
2019-09-27 10:00:04 INFO  LogLog4j:31 - XXXXXXXXXXXXXXXXXXXXXXX             -E---N---D-             XXXXXXXXXXXXXXXXXXXXXX
2019-09-27 10:00:04 INFO  LogLog4j:33 - XXXXXXXXXXXXXXXXXXXXXXXXXXXXXXXXXXXXXXXXXXXXXXXXXXXXXXXXXXXXXXXXXXXXXXXXXXXXXXXXXXXXXXXXXXXX
2019-09-27 10:00:04 INFO  LogLog4j:35 - X
2019-09-27 10:00:04 INFO  LogLog4j:37 - X
2019-09-27 10:00:18 INFO  LogLog4j:15 - ****************************************************************************************
2019-09-27 10:00:18 INFO  LogLog4j:17 - ****************************************************************************************
2019-09-27 10:00:18 INFO  LogLog4j:19 - $$$$$$$$$$$$$$$$$$$$$                 testCheckingTitle started       $$$$$$$$$$$$$$$$$$$$$$$$$
2019-09-27 10:00:18 INFO  LogLog4j:21 - ****************************************************************************************
2019-09-27 10:00:18 INFO  LogLog4j:23 - ****************************************************************************************
2019-09-27 10:00:18 INFO  LogLog4j:45 - ---Main page : waiting for page to load
2019-09-27 10:00:19 INFO  LogLog4j:45 - ---Main page : contact us page is opened
2019-09-27 10:00:19 INFO  LogLog4j:45 - ---Contact us page : waiting for page to load
2019-09-27 10:00:22 INFO  LogLog4j:45 - ---Contact us page : title check 
2019-09-27 10:00:22 INFO  LogLog4j:31 - XXXXXXXXXXXXXXXXXXXXXXX             -E---N---D-             XXXXXXXXXXXXXXXXXXXXXX
2019-09-27 10:00:22 INFO  LogLog4j:33 - XXXXXXXXXXXXXXXXXXXXXXXXXXXXXXXXXXXXXXXXXXXXXXXXXXXXXXXXXXXXXXXXXXXXXXXXXXXXXXXXXXXXXXXXXXXX
2019-09-27 10:00:22 INFO  LogLog4j:35 - X
2019-09-27 10:00:22 INFO  LogLog4j:37 - X
2019-09-27 10:00:35 INFO  LogLog4j:15 - ****************************************************************************************
2019-09-27 10:00:35 INFO  LogLog4j:17 - ****************************************************************************************
2019-09-27 10:00:35 INFO  LogLog4j:19 - $$$$$$$$$$$$$$$$$$$$$                 testNegativeContactUsMessage started       $$$$$$$$$$$$$$$$$$$$$$$$$
2019-09-27 10:00:35 INFO  LogLog4j:21 - ****************************************************************************************
2019-09-27 10:00:35 INFO  LogLog4j:23 - ****************************************************************************************
2019-09-27 10:00:35 INFO  LogLog4j:45 - ---Main page : waiting for page to load
2019-09-27 10:00:36 INFO  LogLog4j:45 - ---Main page : contact us page is opened
2019-09-27 10:00:36 INFO  LogLog4j:45 - ---Contact us page : waiting for page to load
2019-09-27 10:00:37 INFO  LogLog4j:45 - ---Contact us page : Send message
2019-09-27 10:00:37 INFO  LogLog4j:45 - ---Contact us page : name is entered
2019-09-27 10:00:38 INFO  LogLog4j:45 - ---Contact us page : email is entered
2019-09-27 10:00:38 INFO  LogLog4j:45 - ---Contact us page : subject is entered
2019-09-27 10:00:38 INFO  LogLog4j:45 - ---Contact us page : sending message
2019-09-27 10:00:38 INFO  LogLog4j:45 - ---Contact us page : waiting for page to load
2019-09-27 10:00:38 INFO  LogLog4j:45 - ---Contact us page : chat window was closed
2019-09-27 10:00:38 INFO  LogLog4j:45 - ---Contact us page : checking name field
2019-09-27 10:00:38 INFO  LogLog4j:31 - XXXXXXXXXXXXXXXXXXXXXXX             -E---N---D-             XXXXXXXXXXXXXXXXXXXXXX
2019-09-27 10:00:38 INFO  LogLog4j:33 - XXXXXXXXXXXXXXXXXXXXXXXXXXXXXXXXXXXXXXXXXXXXXXXXXXXXXXXXXXXXXXXXXXXXXXXXXXXXXXXXXXXXXXXXXXXX
2019-09-27 10:00:38 INFO  LogLog4j:35 - X
2019-09-27 10:00:38 INFO  LogLog4j:37 - X
2019-09-27 10:00:52 INFO  LogLog4j:15 - ****************************************************************************************
2019-09-27 10:00:52 INFO  LogLog4j:17 - ****************************************************************************************
2019-09-27 10:00:52 INFO  LogLog4j:19 - $$$$$$$$$$$$$$$$$$$$$                 testNegativeContactUsMessage started       $$$$$$$$$$$$$$$$$$$$$$$$$
2019-09-27 10:00:52 INFO  LogLog4j:21 - ****************************************************************************************
2019-09-27 10:00:52 INFO  LogLog4j:23 - ****************************************************************************************
2019-09-27 10:00:52 INFO  LogLog4j:45 - ---Main page : waiting for page to load
2019-09-27 10:00:53 INFO  LogLog4j:45 - ---Main page : contact us page is opened
2019-09-27 10:00:53 INFO  LogLog4j:45 - ---Contact us page : waiting for page to load
2019-09-27 10:00:55 INFO  LogLog4j:45 - ---Contact us page : Send message
2019-09-27 10:00:55 INFO  LogLog4j:45 - ---Contact us page : name is entered
2019-09-27 10:00:55 INFO  LogLog4j:45 - ---Contact us page : email is entered
2019-09-27 10:00:55 INFO  LogLog4j:45 - ---Contact us page : subject is entered
2019-09-27 10:00:55 INFO  LogLog4j:45 - ---Contact us page : sending message
2019-09-27 10:00:55 INFO  LogLog4j:45 - ---Contact us page : waiting for page to load
2019-09-27 10:00:55 INFO  LogLog4j:45 - ---Contact us page : chat window was closed
2019-09-27 10:00:55 INFO  LogLog4j:45 - ---Contact us page : checking name field
2019-09-27 10:00:55 INFO  LogLog4j:31 - XXXXXXXXXXXXXXXXXXXXXXX             -E---N---D-             XXXXXXXXXXXXXXXXXXXXXX
2019-09-27 10:00:55 INFO  LogLog4j:33 - XXXXXXXXXXXXXXXXXXXXXXXXXXXXXXXXXXXXXXXXXXXXXXXXXXXXXXXXXXXXXXXXXXXXXXXXXXXXXXXXXXXXXXXXXXXX
2019-09-27 10:00:55 INFO  LogLog4j:35 - X
2019-09-27 10:00:55 INFO  LogLog4j:37 - X
2019-09-27 10:01:12 INFO  LogLog4j:15 - ****************************************************************************************
2019-09-27 10:01:12 INFO  LogLog4j:17 - ****************************************************************************************
2019-09-27 10:01:12 INFO  LogLog4j:19 - $$$$$$$$$$$$$$$$$$$$$                 testNegativeContactUsMessage started       $$$$$$$$$$$$$$$$$$$$$$$$$
2019-09-27 10:01:12 INFO  LogLog4j:21 - ****************************************************************************************
2019-09-27 10:01:12 INFO  LogLog4j:23 - ****************************************************************************************
2019-09-27 10:01:12 INFO  LogLog4j:45 - ---Main page : waiting for page to load
2019-09-27 10:01:13 INFO  LogLog4j:45 - ---Main page : contact us page is opened
2019-09-27 10:01:13 INFO  LogLog4j:45 - ---Contact us page : waiting for page to load
2019-09-27 10:01:15 INFO  LogLog4j:45 - ---Contact us page : Send message
2019-09-27 10:01:15 INFO  LogLog4j:45 - ---Contact us page : name is entered
2019-09-27 10:01:15 INFO  LogLog4j:45 - ---Contact us page : email is entered
2019-09-27 10:01:15 INFO  LogLog4j:45 - ---Contact us page : subject is entered
2019-09-27 10:01:15 INFO  LogLog4j:45 - ---Contact us page : sending message
2019-09-27 10:01:15 INFO  LogLog4j:45 - ---Contact us page : waiting for page to load
2019-09-27 10:01:16 INFO  LogLog4j:45 - ---Contact us page : chat window was closed
2019-09-27 10:01:16 INFO  LogLog4j:45 - ---Contact us page : checking name field
2019-09-27 10:01:16 INFO  LogLog4j:31 - XXXXXXXXXXXXXXXXXXXXXXX             -E---N---D-             XXXXXXXXXXXXXXXXXXXXXX
2019-09-27 10:01:16 INFO  LogLog4j:33 - XXXXXXXXXXXXXXXXXXXXXXXXXXXXXXXXXXXXXXXXXXXXXXXXXXXXXXXXXXXXXXXXXXXXXXXXXXXXXXXXXXXXXXXXXXXX
2019-09-27 10:01:16 INFO  LogLog4j:35 - X
2019-09-27 10:01:16 INFO  LogLog4j:37 - X
2019-09-27 10:01:29 INFO  LogLog4j:15 - ****************************************************************************************
2019-09-27 10:01:29 INFO  LogLog4j:17 - ****************************************************************************************
2019-09-27 10:01:29 INFO  LogLog4j:19 - $$$$$$$$$$$$$$$$$$$$$                 testNegativeContactUsMessage started       $$$$$$$$$$$$$$$$$$$$$$$$$
2019-09-27 10:01:29 INFO  LogLog4j:21 - ****************************************************************************************
2019-09-27 10:01:29 INFO  LogLog4j:23 - ****************************************************************************************
2019-09-27 10:01:29 INFO  LogLog4j:45 - ---Main page : waiting for page to load
2019-09-27 10:01:30 INFO  LogLog4j:45 - ---Main page : contact us page is opened
2019-09-27 10:01:30 INFO  LogLog4j:45 - ---Contact us page : waiting for page to load
2019-09-27 10:01:32 INFO  LogLog4j:45 - ---Contact us page : Send message
2019-09-27 10:01:32 INFO  LogLog4j:45 - ---Contact us page : name is entered
2019-09-27 10:01:33 INFO  LogLog4j:45 - ---Contact us page : email is entered
2019-09-27 10:01:33 INFO  LogLog4j:45 - ---Contact us page : subject is entered
2019-09-27 10:01:33 INFO  LogLog4j:45 - ---Contact us page : sending message
2019-09-27 10:01:33 INFO  LogLog4j:45 - ---Contact us page : waiting for page to load
2019-09-27 10:01:33 INFO  LogLog4j:45 - ---Contact us page : chat window was closed
2019-09-27 10:01:33 INFO  LogLog4j:45 - ---Contact us page : checking name field
2019-09-27 10:01:33 INFO  LogLog4j:45 - ---Contact us page : checking email field
2019-09-27 10:01:33 INFO  LogLog4j:31 - XXXXXXXXXXXXXXXXXXXXXXX             -E---N---D-             XXXXXXXXXXXXXXXXXXXXXX
2019-09-27 10:01:33 INFO  LogLog4j:33 - XXXXXXXXXXXXXXXXXXXXXXXXXXXXXXXXXXXXXXXXXXXXXXXXXXXXXXXXXXXXXXXXXXXXXXXXXXXXXXXXXXXXXXXXXXXX
2019-09-27 10:01:33 INFO  LogLog4j:35 - X
2019-09-27 10:01:33 INFO  LogLog4j:37 - X
2019-09-27 10:01:46 INFO  LogLog4j:15 - ****************************************************************************************
2019-09-27 10:01:46 INFO  LogLog4j:17 - ****************************************************************************************
2019-09-27 10:01:46 INFO  LogLog4j:19 - $$$$$$$$$$$$$$$$$$$$$                 testCheckingTitle started       $$$$$$$$$$$$$$$$$$$$$$$$$
2019-09-27 10:01:46 INFO  LogLog4j:21 - ****************************************************************************************
2019-09-27 10:01:46 INFO  LogLog4j:23 - ****************************************************************************************
2019-09-27 10:01:46 INFO  LogLog4j:45 - ---Main page : waiting for page to load
2019-09-27 10:01:46 INFO  LogLog4j:45 - ---Main page : title check
2019-09-27 10:01:46 INFO  LogLog4j:31 - XXXXXXXXXXXXXXXXXXXXXXX             -E---N---D-             XXXXXXXXXXXXXXXXXXXXXX
2019-09-27 10:01:46 INFO  LogLog4j:33 - XXXXXXXXXXXXXXXXXXXXXXXXXXXXXXXXXXXXXXXXXXXXXXXXXXXXXXXXXXXXXXXXXXXXXXXXXXXXXXXXXXXXXXXXXXXX
2019-09-27 10:01:46 INFO  LogLog4j:35 - X
2019-09-27 10:01:46 INFO  LogLog4j:37 - X
2019-09-27 10:02:02 INFO  LogLog4j:15 - ****************************************************************************************
2019-09-27 10:02:02 INFO  LogLog4j:17 - ****************************************************************************************
2019-09-27 10:02:02 INFO  LogLog4j:19 - $$$$$$$$$$$$$$$$$$$$$                 testPositiveLogin started       $$$$$$$$$$$$$$$$$$$$$$$$$
2019-09-27 10:02:02 INFO  LogLog4j:21 - ****************************************************************************************
2019-09-27 10:02:02 INFO  LogLog4j:23 - ****************************************************************************************
2019-09-27 10:02:32 INFO  LogLog4j:45 - ---Main page : waiting for page to load
2019-09-27 10:02:33 INFO  LogLog4j:45 - ---Main page : authorization page is opened
2019-09-27 10:02:33 INFO  LogLog4j:45 - ---Authorization page : waiting for page to load 
2019-09-27 10:02:33 INFO  LogLog4j:45 - ---Authorization page : login to the system
2019-09-27 10:02:33 INFO  LogLog4j:45 - ---Authorization page : login was entered
2019-09-27 10:02:33 INFO  LogLog4j:45 - ---Authorization page : password was entered
2019-09-27 10:02:34 INFO  LogLog4j:45 - ---MainPageLoggedIn page : waiting for page to load
2019-09-27 10:02:35 INFO  LogLog4j:45 - ---MainPageLoggedIn page : profile check
2019-09-27 10:02:35 INFO  LogLog4j:31 - XXXXXXXXXXXXXXXXXXXXXXX             -E---N---D-             XXXXXXXXXXXXXXXXXXXXXX
2019-09-27 10:02:35 INFO  LogLog4j:33 - XXXXXXXXXXXXXXXXXXXXXXXXXXXXXXXXXXXXXXXXXXXXXXXXXXXXXXXXXXXXXXXXXXXXXXXXXXXXXXXXXXXXXXXXXXXX
2019-09-27 10:02:35 INFO  LogLog4j:35 - X
2019-09-27 10:02:35 INFO  LogLog4j:37 - X
2019-09-27 10:07:55 INFO  LogLog4j:15 - ****************************************************************************************
2019-09-27 10:07:55 INFO  LogLog4j:17 - ****************************************************************************************
2019-09-27 10:07:55 INFO  LogLog4j:19 - $$$$$$$$$$$$$$$$$$$$$                 testPositiveLogin started       $$$$$$$$$$$$$$$$$$$$$$$$$
2019-09-27 10:07:55 INFO  LogLog4j:21 - ****************************************************************************************
2019-09-27 10:07:55 INFO  LogLog4j:23 - ****************************************************************************************
2019-09-27 10:08:26 INFO  LogLog4j:45 - ---Main page : waiting for page to load
2019-09-27 10:08:27 INFO  LogLog4j:45 - ---Main page : authorization page is opened
2019-09-27 10:08:27 INFO  LogLog4j:45 - ---Authorization page : waiting for page to load 
2019-09-27 10:08:27 INFO  LogLog4j:45 - ---Authorization page : login to the system
2019-09-27 10:08:27 INFO  LogLog4j:45 - ---Authorization page : login was entered
2019-09-27 10:08:27 INFO  LogLog4j:45 - ---Authorization page : password was entered
2019-09-27 10:08:27 INFO  LogLog4j:45 - ---MainPageLoggedIn page : waiting for page to load
2019-09-27 10:08:29 INFO  LogLog4j:45 - ---MainPageLoggedIn page : profile check
2019-09-27 10:08:29 INFO  LogLog4j:31 - XXXXXXXXXXXXXXXXXXXXXXX             -E---N---D-             XXXXXXXXXXXXXXXXXXXXXX
2019-09-27 10:08:29 INFO  LogLog4j:33 - XXXXXXXXXXXXXXXXXXXXXXXXXXXXXXXXXXXXXXXXXXXXXXXXXXXXXXXXXXXXXXXXXXXXXXXXXXXXXXXXXXXXXXXXXXXX
2019-09-27 10:08:29 INFO  LogLog4j:35 - X
2019-09-27 10:08:29 INFO  LogLog4j:37 - X
2019-09-27 10:15:40 INFO  LogLog4j:15 - ****************************************************************************************
2019-09-27 10:15:40 INFO  LogLog4j:17 - ****************************************************************************************
2019-09-27 10:15:40 INFO  LogLog4j:19 - $$$$$$$$$$$$$$$$$$$$$                 testPositiveLogin started       $$$$$$$$$$$$$$$$$$$$$$$$$
2019-09-27 10:15:40 INFO  LogLog4j:21 - ****************************************************************************************
2019-09-27 10:15:40 INFO  LogLog4j:23 - ****************************************************************************************
2019-09-27 10:15:43 INFO  LogLog4j:45 - ---Main page : waiting for page to load
2019-09-27 10:15:44 INFO  LogLog4j:45 - ---Main page : authorization page is opened
2019-09-27 10:15:44 INFO  LogLog4j:45 - ---Authorization page : waiting for page to load 
2019-09-27 10:15:44 INFO  LogLog4j:45 - ---Authorization page : login to the system
2019-09-27 10:15:44 INFO  LogLog4j:45 - ---Authorization page : login was entered
2019-09-27 10:15:44 INFO  LogLog4j:45 - ---Authorization page : password was entered
2019-09-27 10:15:44 INFO  LogLog4j:45 - ---MainPageLoggedIn page : waiting for page to load
2019-09-27 10:15:46 INFO  LogLog4j:45 - ---MainPageLoggedIn page : profile check
2019-09-27 10:15:46 INFO  LogLog4j:31 - XXXXXXXXXXXXXXXXXXXXXXX             -E---N---D-             XXXXXXXXXXXXXXXXXXXXXX
2019-09-27 10:15:46 INFO  LogLog4j:33 - XXXXXXXXXXXXXXXXXXXXXXXXXXXXXXXXXXXXXXXXXXXXXXXXXXXXXXXXXXXXXXXXXXXXXXXXXXXXXXXXXXXXXXXXXXXX
2019-09-27 10:15:46 INFO  LogLog4j:35 - X
2019-09-27 10:15:46 INFO  LogLog4j:37 - X
2019-09-27 10:21:24 INFO  LogLog4j:15 - ****************************************************************************************
2019-09-27 10:21:24 INFO  LogLog4j:17 - ****************************************************************************************
2019-09-27 10:21:24 INFO  LogLog4j:19 - $$$$$$$$$$$$$$$$$$$$$                 testMainPageTitle started       $$$$$$$$$$$$$$$$$$$$$$$$$
2019-09-27 10:21:24 INFO  LogLog4j:21 - ****************************************************************************************
2019-09-27 10:21:24 INFO  LogLog4j:23 - ****************************************************************************************
2019-09-27 10:21:25 INFO  LogLog4j:45 - ---Main page : waiting for page to load
2019-09-27 10:21:25 INFO  LogLog4j:45 - ---Main page : authorization page is opened
2019-09-27 10:21:25 INFO  LogLog4j:45 - ---Authorization page : waiting for page to load 
2019-09-27 10:21:25 INFO  LogLog4j:45 - ---Authorization page : title check 
2019-09-27 10:21:25 INFO  LogLog4j:31 - XXXXXXXXXXXXXXXXXXXXXXX             -E---N---D-             XXXXXXXXXXXXXXXXXXXXXX
2019-09-27 10:21:25 INFO  LogLog4j:33 - XXXXXXXXXXXXXXXXXXXXXXXXXXXXXXXXXXXXXXXXXXXXXXXXXXXXXXXXXXXXXXXXXXXXXXXXXXXXXXXXXXXXXXXXXXXX
2019-09-27 10:21:25 INFO  LogLog4j:35 - X
2019-09-27 10:21:25 INFO  LogLog4j:37 - X
2019-09-27 10:21:38 INFO  LogLog4j:15 - ****************************************************************************************
2019-09-27 10:21:38 INFO  LogLog4j:17 - ****************************************************************************************
2019-09-27 10:21:38 INFO  LogLog4j:19 - $$$$$$$$$$$$$$$$$$$$$                 testNegativeAuthorization started       $$$$$$$$$$$$$$$$$$$$$$$$$
2019-09-27 10:21:38 INFO  LogLog4j:21 - ****************************************************************************************
2019-09-27 10:21:38 INFO  LogLog4j:23 - ****************************************************************************************
2019-09-27 10:21:39 INFO  LogLog4j:45 - ---Main page : waiting for page to load
2019-09-27 10:21:39 INFO  LogLog4j:45 - ---Main page : authorization page is opened
2019-09-27 10:21:39 INFO  LogLog4j:45 - ---Authorization page : waiting for page to load 
2019-09-27 10:21:39 INFO  LogLog4j:45 - ---Authorization page : login to the system
2019-09-27 10:21:40 INFO  LogLog4j:45 - ---Authorization page : login was entered
2019-09-27 10:21:40 INFO  LogLog4j:45 - ---Authorization page : password was entered
2019-09-27 10:21:40 INFO  LogLog4j:45 - ---Authorization page : receiving an incorrect log in message.
2019-09-27 10:21:40 INFO  LogLog4j:31 - XXXXXXXXXXXXXXXXXXXXXXX             -E---N---D-             XXXXXXXXXXXXXXXXXXXXXX
2019-09-27 10:21:40 INFO  LogLog4j:33 - XXXXXXXXXXXXXXXXXXXXXXXXXXXXXXXXXXXXXXXXXXXXXXXXXXXXXXXXXXXXXXXXXXXXXXXXXXXXXXXXXXXXXXXXXXXX
2019-09-27 10:21:40 INFO  LogLog4j:35 - X
2019-09-27 10:21:40 INFO  LogLog4j:37 - X
2019-09-27 10:21:54 INFO  LogLog4j:15 - ****************************************************************************************
2019-09-27 10:21:54 INFO  LogLog4j:17 - ****************************************************************************************
2019-09-27 10:21:54 INFO  LogLog4j:19 - $$$$$$$$$$$$$$$$$$$$$                 testNegativeAuthorization started       $$$$$$$$$$$$$$$$$$$$$$$$$
2019-09-27 10:21:54 INFO  LogLog4j:21 - ****************************************************************************************
2019-09-27 10:21:54 INFO  LogLog4j:23 - ****************************************************************************************
2019-09-27 10:21:54 INFO  LogLog4j:45 - ---Main page : waiting for page to load
2019-09-27 10:21:55 INFO  LogLog4j:45 - ---Main page : authorization page is opened
2019-09-27 10:21:55 INFO  LogLog4j:45 - ---Authorization page : waiting for page to load 
2019-09-27 10:21:55 INFO  LogLog4j:45 - ---Authorization page : login to the system
2019-09-27 10:21:56 INFO  LogLog4j:45 - ---Authorization page : login was entered
2019-09-27 10:21:56 INFO  LogLog4j:45 - ---Authorization page : password was entered
2019-09-27 10:21:56 INFO  LogLog4j:45 - ---Authorization page : receiving an incorrect log in message.
2019-09-27 10:21:56 INFO  LogLog4j:31 - XXXXXXXXXXXXXXXXXXXXXXX             -E---N---D-             XXXXXXXXXXXXXXXXXXXXXX
2019-09-27 10:21:56 INFO  LogLog4j:33 - XXXXXXXXXXXXXXXXXXXXXXXXXXXXXXXXXXXXXXXXXXXXXXXXXXXXXXXXXXXXXXXXXXXXXXXXXXXXXXXXXXXXXXXXXXXX
2019-09-27 10:21:56 INFO  LogLog4j:35 - X
2019-09-27 10:21:56 INFO  LogLog4j:37 - X
2019-09-27 10:22:11 INFO  LogLog4j:15 - ****************************************************************************************
2019-09-27 10:22:11 INFO  LogLog4j:17 - ****************************************************************************************
2019-09-27 10:22:11 INFO  LogLog4j:19 - $$$$$$$$$$$$$$$$$$$$$                 testCheckingTitle started       $$$$$$$$$$$$$$$$$$$$$$$$$
2019-09-27 10:22:11 INFO  LogLog4j:21 - ****************************************************************************************
2019-09-27 10:22:11 INFO  LogLog4j:23 - ****************************************************************************************
2019-09-27 10:22:11 INFO  LogLog4j:45 - ---Main page : waiting for page to load
2019-09-27 10:22:12 INFO  LogLog4j:45 - ---Main page : contact us page is opened
2019-09-27 10:22:12 INFO  LogLog4j:45 - ---Contact us page : waiting for page to load
2019-09-27 10:22:14 INFO  LogLog4j:45 - ---Contact us page : title check 
2019-09-27 10:22:14 INFO  LogLog4j:31 - XXXXXXXXXXXXXXXXXXXXXXX             -E---N---D-             XXXXXXXXXXXXXXXXXXXXXX
2019-09-27 10:22:14 INFO  LogLog4j:33 - XXXXXXXXXXXXXXXXXXXXXXXXXXXXXXXXXXXXXXXXXXXXXXXXXXXXXXXXXXXXXXXXXXXXXXXXXXXXXXXXXXXXXXXXXXXX
2019-09-27 10:22:14 INFO  LogLog4j:35 - X
2019-09-27 10:22:14 INFO  LogLog4j:37 - X
2019-09-27 10:22:31 INFO  LogLog4j:15 - ****************************************************************************************
2019-09-27 10:22:31 INFO  LogLog4j:17 - ****************************************************************************************
2019-09-27 10:22:31 INFO  LogLog4j:19 - $$$$$$$$$$$$$$$$$$$$$                 testNegativeContactUsMessage started       $$$$$$$$$$$$$$$$$$$$$$$$$
2019-09-27 10:22:31 INFO  LogLog4j:21 - ****************************************************************************************
2019-09-27 10:22:31 INFO  LogLog4j:23 - ****************************************************************************************
2019-09-27 10:22:31 INFO  LogLog4j:45 - ---Main page : waiting for page to load
2019-09-27 10:22:31 INFO  LogLog4j:45 - ---Main page : contact us page is opened
2019-09-27 10:22:31 INFO  LogLog4j:45 - ---Contact us page : waiting for page to load
2019-09-27 10:22:33 INFO  LogLog4j:45 - ---Contact us page : Send message
2019-09-27 10:22:33 INFO  LogLog4j:45 - ---Contact us page : name is entered
2019-09-27 10:22:33 INFO  LogLog4j:45 - ---Contact us page : email is entered
2019-09-27 10:22:34 INFO  LogLog4j:45 - ---Contact us page : subject is entered
2019-09-27 10:22:34 INFO  LogLog4j:45 - ---Contact us page : sending message
2019-09-27 10:22:34 INFO  LogLog4j:45 - ---Contact us page : waiting for page to load
2019-09-27 10:22:34 INFO  LogLog4j:45 - ---Contact us page : chat window was closed
2019-09-27 10:22:34 INFO  LogLog4j:45 - ---Contact us page : checking name field
2019-09-27 10:22:34 INFO  LogLog4j:31 - XXXXXXXXXXXXXXXXXXXXXXX             -E---N---D-             XXXXXXXXXXXXXXXXXXXXXX
2019-09-27 10:22:34 INFO  LogLog4j:33 - XXXXXXXXXXXXXXXXXXXXXXXXXXXXXXXXXXXXXXXXXXXXXXXXXXXXXXXXXXXXXXXXXXXXXXXXXXXXXXXXXXXXXXXXXXXX
2019-09-27 10:22:34 INFO  LogLog4j:35 - X
2019-09-27 10:22:34 INFO  LogLog4j:37 - X
2019-09-27 10:22:47 INFO  LogLog4j:15 - ****************************************************************************************
2019-09-27 10:22:47 INFO  LogLog4j:17 - ****************************************************************************************
2019-09-27 10:22:47 INFO  LogLog4j:19 - $$$$$$$$$$$$$$$$$$$$$                 testNegativeContactUsMessage started       $$$$$$$$$$$$$$$$$$$$$$$$$
2019-09-27 10:22:47 INFO  LogLog4j:21 - ****************************************************************************************
2019-09-27 10:22:47 INFO  LogLog4j:23 - ****************************************************************************************
2019-09-27 10:22:48 INFO  LogLog4j:45 - ---Main page : waiting for page to load
2019-09-27 10:22:48 INFO  LogLog4j:45 - ---Main page : contact us page is opened
2019-09-27 10:22:48 INFO  LogLog4j:45 - ---Contact us page : waiting for page to load
2019-09-27 10:22:50 INFO  LogLog4j:45 - ---Contact us page : Send message
2019-09-27 10:22:50 INFO  LogLog4j:45 - ---Contact us page : name is entered
2019-09-27 10:22:50 INFO  LogLog4j:45 - ---Contact us page : email is entered
2019-09-27 10:22:51 INFO  LogLog4j:45 - ---Contact us page : subject is entered
2019-09-27 10:22:51 INFO  LogLog4j:45 - ---Contact us page : sending message
2019-09-27 10:22:51 INFO  LogLog4j:45 - ---Contact us page : waiting for page to load
2019-09-27 10:22:51 INFO  LogLog4j:45 - ---Contact us page : chat window was closed
2019-09-27 10:22:51 INFO  LogLog4j:45 - ---Contact us page : checking name field
2019-09-27 10:22:51 INFO  LogLog4j:31 - XXXXXXXXXXXXXXXXXXXXXXX             -E---N---D-             XXXXXXXXXXXXXXXXXXXXXX
2019-09-27 10:22:51 INFO  LogLog4j:33 - XXXXXXXXXXXXXXXXXXXXXXXXXXXXXXXXXXXXXXXXXXXXXXXXXXXXXXXXXXXXXXXXXXXXXXXXXXXXXXXXXXXXXXXXXXXX
2019-09-27 10:22:51 INFO  LogLog4j:35 - X
2019-09-27 10:22:51 INFO  LogLog4j:37 - X
2019-09-27 10:23:04 INFO  LogLog4j:15 - ****************************************************************************************
2019-09-27 10:23:04 INFO  LogLog4j:17 - ****************************************************************************************
2019-09-27 10:23:04 INFO  LogLog4j:19 - $$$$$$$$$$$$$$$$$$$$$                 testNegativeContactUsMessage started       $$$$$$$$$$$$$$$$$$$$$$$$$
2019-09-27 10:23:04 INFO  LogLog4j:21 - ****************************************************************************************
2019-09-27 10:23:04 INFO  LogLog4j:23 - ****************************************************************************************
2019-09-27 10:23:04 INFO  LogLog4j:45 - ---Main page : waiting for page to load
2019-09-27 10:23:05 INFO  LogLog4j:45 - ---Main page : contact us page is opened
2019-09-27 10:23:05 INFO  LogLog4j:45 - ---Contact us page : waiting for page to load
2019-09-27 10:23:07 INFO  LogLog4j:45 - ---Contact us page : Send message
2019-09-27 10:23:08 INFO  LogLog4j:45 - ---Contact us page : name is entered
2019-09-27 10:23:08 INFO  LogLog4j:45 - ---Contact us page : email is entered
2019-09-27 10:23:08 INFO  LogLog4j:45 - ---Contact us page : subject is entered
2019-09-27 10:23:08 INFO  LogLog4j:45 - ---Contact us page : sending message
2019-09-27 10:23:08 INFO  LogLog4j:45 - ---Contact us page : waiting for page to load
2019-09-27 10:23:08 INFO  LogLog4j:45 - ---Contact us page : chat window was closed
2019-09-27 10:23:08 INFO  LogLog4j:45 - ---Contact us page : checking name field
2019-09-27 10:23:08 INFO  LogLog4j:31 - XXXXXXXXXXXXXXXXXXXXXXX             -E---N---D-             XXXXXXXXXXXXXXXXXXXXXX
2019-09-27 10:23:08 INFO  LogLog4j:33 - XXXXXXXXXXXXXXXXXXXXXXXXXXXXXXXXXXXXXXXXXXXXXXXXXXXXXXXXXXXXXXXXXXXXXXXXXXXXXXXXXXXXXXXXXXXX
2019-09-27 10:23:08 INFO  LogLog4j:35 - X
2019-09-27 10:23:08 INFO  LogLog4j:37 - X
2019-09-27 10:23:23 INFO  LogLog4j:15 - ****************************************************************************************
2019-09-27 10:23:23 INFO  LogLog4j:17 - ****************************************************************************************
2019-09-27 10:23:23 INFO  LogLog4j:19 - $$$$$$$$$$$$$$$$$$$$$                 testNegativeContactUsMessage started       $$$$$$$$$$$$$$$$$$$$$$$$$
2019-09-27 10:23:23 INFO  LogLog4j:21 - ****************************************************************************************
2019-09-27 10:23:23 INFO  LogLog4j:23 - ****************************************************************************************
2019-09-27 10:23:23 INFO  LogLog4j:45 - ---Main page : waiting for page to load
2019-09-27 10:23:24 INFO  LogLog4j:45 - ---Main page : contact us page is opened
2019-09-27 10:23:24 INFO  LogLog4j:45 - ---Contact us page : waiting for page to load
2019-09-27 10:23:26 INFO  LogLog4j:45 - ---Contact us page : Send message
2019-09-27 10:23:26 INFO  LogLog4j:45 - ---Contact us page : name is entered
2019-09-27 10:23:26 INFO  LogLog4j:45 - ---Contact us page : email is entered
2019-09-27 10:23:26 INFO  LogLog4j:45 - ---Contact us page : subject is entered
2019-09-27 10:23:26 INFO  LogLog4j:45 - ---Contact us page : sending message
2019-09-27 10:23:26 INFO  LogLog4j:45 - ---Contact us page : waiting for page to load
2019-09-27 10:23:26 INFO  LogLog4j:45 - ---Contact us page : chat window was closed
2019-09-27 10:23:26 INFO  LogLog4j:45 - ---Contact us page : checking name field
2019-09-27 10:23:26 INFO  LogLog4j:45 - ---Contact us page : checking email field
2019-09-27 10:23:26 INFO  LogLog4j:31 - XXXXXXXXXXXXXXXXXXXXXXX             -E---N---D-             XXXXXXXXXXXXXXXXXXXXXX
2019-09-27 10:23:26 INFO  LogLog4j:33 - XXXXXXXXXXXXXXXXXXXXXXXXXXXXXXXXXXXXXXXXXXXXXXXXXXXXXXXXXXXXXXXXXXXXXXXXXXXXXXXXXXXXXXXXXXXX
2019-09-27 10:23:26 INFO  LogLog4j:35 - X
2019-09-27 10:23:26 INFO  LogLog4j:37 - X
2019-09-27 10:23:42 INFO  LogLog4j:15 - ****************************************************************************************
2019-09-27 10:23:42 INFO  LogLog4j:17 - ****************************************************************************************
2019-09-27 10:23:42 INFO  LogLog4j:19 - $$$$$$$$$$$$$$$$$$$$$                 testCheckingTitle started       $$$$$$$$$$$$$$$$$$$$$$$$$
2019-09-27 10:23:42 INFO  LogLog4j:21 - ****************************************************************************************
2019-09-27 10:23:42 INFO  LogLog4j:23 - ****************************************************************************************
2019-09-27 10:23:42 INFO  LogLog4j:45 - ---Main page : waiting for page to load
2019-09-27 10:23:42 INFO  LogLog4j:45 - ---Main page : title check
2019-09-27 10:23:42 INFO  LogLog4j:31 - XXXXXXXXXXXXXXXXXXXXXXX             -E---N---D-             XXXXXXXXXXXXXXXXXXXXXX
2019-09-27 10:23:42 INFO  LogLog4j:33 - XXXXXXXXXXXXXXXXXXXXXXXXXXXXXXXXXXXXXXXXXXXXXXXXXXXXXXXXXXXXXXXXXXXXXXXXXXXXXXXXXXXXXXXXXXXX
2019-09-27 10:23:42 INFO  LogLog4j:35 - X
2019-09-27 10:23:42 INFO  LogLog4j:37 - X
2019-09-27 10:23:59 INFO  LogLog4j:15 - ****************************************************************************************
2019-09-27 10:23:59 INFO  LogLog4j:17 - ****************************************************************************************
2019-09-27 10:23:59 INFO  LogLog4j:19 - $$$$$$$$$$$$$$$$$$$$$                 testPositiveLogin started       $$$$$$$$$$$$$$$$$$$$$$$$$
2019-09-27 10:23:59 INFO  LogLog4j:21 - ****************************************************************************************
2019-09-27 10:23:59 INFO  LogLog4j:23 - ****************************************************************************************
2019-09-27 10:23:59 INFO  LogLog4j:45 - ---Main page : waiting for page to load
2019-09-27 10:24:00 INFO  LogLog4j:45 - ---Main page : authorization page is opened
2019-09-27 10:24:00 INFO  LogLog4j:45 - ---Authorization page : waiting for page to load 
2019-09-27 10:24:00 INFO  LogLog4j:45 - ---Authorization page : login to the system
2019-09-27 10:24:00 INFO  LogLog4j:45 - ---Authorization page : login was entered
2019-09-27 10:24:00 INFO  LogLog4j:45 - ---Authorization page : password was entered
2019-09-27 10:24:01 INFO  LogLog4j:45 - ---MainPageLoggedIn page : waiting for page to load
2019-09-27 10:24:02 INFO  LogLog4j:45 - ---MainPageLoggedIn page : profile check
2019-09-27 10:24:02 INFO  LogLog4j:31 - XXXXXXXXXXXXXXXXXXXXXXX             -E---N---D-             XXXXXXXXXXXXXXXXXXXXXX
2019-09-27 10:24:02 INFO  LogLog4j:33 - XXXXXXXXXXXXXXXXXXXXXXXXXXXXXXXXXXXXXXXXXXXXXXXXXXXXXXXXXXXXXXXXXXXXXXXXXXXXXXXXXXXXXXXXXXXX
2019-09-27 10:24:02 INFO  LogLog4j:35 - X
2019-09-27 10:24:02 INFO  LogLog4j:37 - X
